<?xml version="1.0" encoding="UTF-8"?>
<testng-results ignored="0" total="1" passed="1" failed="0" skipped="0">
  <reporter-output>
  </reporter-output>
  <suite started-at="2022-12-29T13:21:54 IST" name="Default suite" finished-at="2022-12-29T13:22:27 IST" duration-ms="33719">
    <groups>
    </groups>
    <test started-at="2022-12-29T13:21:54 IST" name="Default test" finished-at="2022-12-29T13:22:27 IST" duration-ms="33719">
      <class name="com.TestNG.Assert_Concept">
        <test-method signature="setUp()[pri:0, instance:com.TestNG.Assert_Concept@67d48005]" started-at="2022-12-29T13:21:54 IST" name="setUp" finished-at="2022-12-29T13:22:27 IST" duration-ms="33678" status="PASS">
          <reporter-output>
          </reporter-output>
        </test-method> <!-- setUp -->
      </class> <!-- com.TestNG.Assert_Concept -->
    </test> <!-- Default test -->
  </suite> <!-- Default suite -->
</testng-results>
